"../../../Engine/Content/Functions/Engine_MaterialFunctions01/Opacity/CameraDepthFade.uasset" 0
"../../../Engine/Content/EngineMaterials/T_Default_Material_Grid_M.uasset" 1
"../../../Engine/Content/EngineMaterials/T_Default_Material_Grid_N.uasset" 2
"../../../Engine/Content/EngineMaterials/WorldGridMaterial.uasset" 3
"D:/Epic Games/UnrealProjects/GrappleGame/GrappleDemo/Content/Art/Materials/BuildingColor.uasset" 4
"D:/Epic Games/UnrealProjects/GrappleGame/GrappleDemo/Content/Art/Materials/LightRed.uasset" 5
"D:/Epic Games/UnrealProjects/GrappleGame/GrappleDemo/Content/Maps/Levels/AdriansLevel/B2Floor3_StaticMesh.uasset" 6
"D:/Epic Games/UnrealProjects/GrappleGame/GrappleDemo/Content/Art/Materials/DarkRed.uasset" 7
"D:/Epic Games/UnrealProjects/GrappleGame/GrappleDemo/Content/Art/Materials/lambert1.uasset" 8
"D:/Epic Games/UnrealProjects/GrappleGame/GrappleDemo/Content/Maps/Levels/AdriansLevel/B4Building_StaticMesh.uasset" 9
"D:/Epic Games/UnrealProjects/GrappleGame/GrappleDemo/Content/Maps/Levels/AdriansLevel/B5Building1_StaticMesh.uasset" 10
"D:/Epic Games/UnrealProjects/GrappleGame/GrappleDemo/Content/Maps/Levels/AdriansLevel/Box_Brush4_StaticMesh.uasset" 11
"D:/Epic Games/UnrealProjects/GrappleGame/GrappleDemo/Content/Maps/Levels/AdriansLevel/Building1/B1Vent3_StaticMesh.uasset" 12
"D:/Epic Games/UnrealProjects/GrappleGame/GrappleDemo/Content/Maps/Levels/AdriansLevel/Building2/B2Box2_StaticMesh.uasset" 13
"D:/Epic Games/UnrealProjects/GrappleGame/GrappleDemo/Content/Maps/Levels/AdriansLevel/Building2/B2Building1_StaticMesh.uasset" 14
"D:/Epic Games/UnrealProjects/GrappleGame/GrappleDemo/Content/Maps/Levels/Hub/HUB_SM.uasset" 15
"D:/Epic Games/UnrealProjects/GrappleGame/GrappleDemo/Content/Maps/Levels/TutorialLevelMaterials/Textures/white_plaster_03_rough_4k.uasset" 16
"../../../Engine/Content/EngineMaterials/BaseFlattenDiffuseMap.uasset" 17
"../../../Engine/Content/EngineMaterials/BaseFlattenEmissiveMap.uasset" 18
"../../../Engine/Content/EngineMaterials/BaseFlattenGrayscaleMap.uasset" 19
"../../../Engine/Content/EngineMaterials/BaseFlattenNormalMap.uasset" 20
"../../../Engine/Content/EngineMaterials/BaseFlattenMaterial.uasset" 21
"D:/Epic Games/UnrealProjects/GrappleGame/GrappleDemo/Content/Maps/MovementTut/LevelMesh/T_PROXY_TutorialMesh1_Diffuse.uasset" 22
"D:/Epic Games/UnrealProjects/GrappleGame/GrappleDemo/Content/Maps/MovementTut/LevelMesh/T_PROXY_TutorialMesh1_Normal.uasset" 23
"D:/Epic Games/UnrealProjects/GrappleGame/GrappleDemo/Content/Maps/MovementTut/LevelMesh/M_PROXY_TutorialMesh1.uasset" 24
"D:/Epic Games/UnrealProjects/GrappleGame/GrappleDemo/Content/Maps/MovementTut/LevelMesh/SM_PROXY_TutorialMesh1.uasset" 25
"D:/Epic Games/UnrealProjects/GrappleGame/GrappleDemo/Content/Art/Materials/SmallPitStairsTexture.uasset" 26
"D:/Epic Games/UnrealProjects/GrappleGame/GrappleDemo/Content/Art/PitStairs_FirstRelease.uasset" 27
"D:/Epic Games/UnrealProjects/GrappleGame/GrappleDemo/Content/Art/Materials/Grapple_Object.uasset" 28
"D:/Epic Games/UnrealProjects/GrappleGame/GrappleDemo/Content/Art/Materials/Start_Platform.uasset" 29
"D:/Epic Games/UnrealProjects/GrappleGame/GrappleDemo/Content/Art/Materials/PitBlack.uasset" 30
"D:/Epic Games/UnrealProjects/GrappleGame/GrappleDemo/Content/Art/Meshes/Barriers_BarrierBase_low.uasset" 31
"D:/Epic Games/UnrealProjects/GrappleGame/GrappleDemo/Content/Art/Meshes/Barriers_BarrierBase_low_1.uasset" 32
"D:/Epic Games/UnrealProjects/GrappleGame/GrappleDemo/Content/Art/Meshes/Barriers_BarrierBase_low_2.uasset" 33
"D:/Epic Games/UnrealProjects/GrappleGame/GrappleDemo/Content/Art/Meshes/Barriers_BarrierBase_low_3.uasset" 34
"D:/Epic Games/UnrealProjects/GrappleGame/GrappleDemo/Content/Art/Meshes/Barriers_BarrierBase_low_4.uasset" 35
"D:/Epic Games/UnrealProjects/GrappleGame/GrappleDemo/Content/Art/Meshes/Barriers_BarrierBase_low_5.uasset" 36
"D:/Epic Games/UnrealProjects/GrappleGame/GrappleDemo/Content/Art/Meshes/Barriers_BarrierBelt_low.uasset" 37
"D:/Epic Games/UnrealProjects/GrappleGame/GrappleDemo/Content/Art/Meshes/Barriers_BarrierBelt_low_1.uasset" 38
"D:/Epic Games/UnrealProjects/GrappleGame/GrappleDemo/Content/Art/Meshes/Barriers_BarrierBelt_low_2.uasset" 39
"D:/Epic Games/UnrealProjects/GrappleGame/GrappleDemo/Content/Art/Meshes/Barriers_BarrierBelt_low_3.uasset" 40
"D:/Epic Games/UnrealProjects/GrappleGame/GrappleDemo/Content/Art/Meshes/Barriers_BarrierBelt_low_4.uasset" 41
"D:/Epic Games/UnrealProjects/GrappleGame/GrappleDemo/Content/Art/Meshes/Barriers_Barrier_low.uasset" 42
"D:/Epic Games/UnrealProjects/GrappleGame/GrappleDemo/Content/Art/Meshes/Barriers_Barrier_low_1.uasset" 43
"D:/Epic Games/UnrealProjects/GrappleGame/GrappleDemo/Content/Art/Meshes/Barriers_Barrier_low_2.uasset" 44
"D:/Epic Games/UnrealProjects/GrappleGame/GrappleDemo/Content/Art/Meshes/Barriers_Barrier_low_3.uasset" 45
"D:/Epic Games/UnrealProjects/GrappleGame/GrappleDemo/Content/Art/Meshes/Barriers_Barrier_low_4.uasset" 46
"D:/Epic Games/UnrealProjects/GrappleGame/GrappleDemo/Content/Art/Meshes/Barriers_Barrier_low_5.uasset" 47
"D:/Epic Games/UnrealProjects/GrappleGame/GrappleDemo/Content/Art/Meshes/Door1_Crashbar_low.uasset" 48
"D:/Epic Games/UnrealProjects/GrappleGame/GrappleDemo/Content/Art/Meshes/Door1_Door_low.uasset" 49
"D:/Epic Games/UnrealProjects/GrappleGame/GrappleDemo/Content/Art/Meshes/Door2_Crashbar_low.uasset" 50
"D:/Epic Games/UnrealProjects/GrappleGame/GrappleDemo/Content/Art/Meshes/Door2_DoorHandleBase.uasset" 51
"D:/Epic Games/UnrealProjects/GrappleGame/GrappleDemo/Content/Art/Meshes/Door2_DoorHandle_low.uasset" 52
"D:/Epic Games/UnrealProjects/GrappleGame/GrappleDemo/Content/Art/Meshes/Door2_Door_low.uasset" 53
"D:/Epic Games/UnrealProjects/GrappleGame/GrappleDemo/Content/Art/Meshes/DoorFrame.uasset" 54
"D:/Epic Games/UnrealProjects/GrappleGame/GrappleDemo/Content/Art/Materials/Green.uasset" 55
"D:/Epic Games/UnrealProjects/GrappleGame/GrappleDemo/Content/Art/Meshes/GrapplePoint.uasset" 56
"D:/Epic Games/UnrealProjects/GrappleGame/GrappleDemo/Content/Art/Meshes/HighJumpPlatform.uasset" 57
"D:/Epic Games/UnrealProjects/GrappleGame/GrappleDemo/Content/Art/Meshes/Hub_SM.uasset" 58
"D:/Epic Games/UnrealProjects/GrappleGame/GrappleDemo/Content/Art/Meshes/LandingPlatform.uasset" 59
"D:/Epic Games/UnrealProjects/GrappleGame/GrappleDemo/Content/Art/Meshes/LargePit_LargePitGround.uasset" 60
"D:/Epic Games/UnrealProjects/GrappleGame/GrappleDemo/Content/Art/Materials/OuterWallYellow.uasset" 61
"D:/Epic Games/UnrealProjects/GrappleGame/GrappleDemo/Content/Art/Meshes/LargePit_LargePitStairs.uasset" 62
"D:/Epic Games/UnrealProjects/GrappleGame/GrappleDemo/Content/Art/Meshes/LargePit_LargePitWall.uasset" 63
"D:/Epic Games/UnrealProjects/GrappleGame/GrappleDemo/Content/Art/Meshes/LargePit_LargePitWall1.uasset" 64
"D:/Epic Games/UnrealProjects/GrappleGame/GrappleDemo/Content/Art/Meshes/LargePit_LargePitWall2.uasset" 65
"D:/Epic Games/UnrealProjects/GrappleGame/GrappleDemo/Content/Art/Meshes/LargePit_LargePitWall3.uasset" 66
"D:/Epic Games/UnrealProjects/GrappleGame/GrappleDemo/Content/Art/Meshes/LargeSlide.uasset" 67
"D:/Epic Games/UnrealProjects/GrappleGame/GrappleDemo/Content/Art/Meshes/LongPlatform.uasset" 68
"D:/Epic Games/UnrealProjects/GrappleGame/GrappleDemo/Content/Art/Meshes/LowerPlatform.uasset" 69
"D:/Epic Games/UnrealProjects/GrappleGame/GrappleDemo/Content/Art/Meshes/mock-gun.uasset" 70
"D:/Epic Games/UnrealProjects/GrappleGame/GrappleDemo/Content/Art/Meshes/PlayerMesh.uasset" 71
"D:/Epic Games/UnrealProjects/GrappleGame/GrappleDemo/Content/Art/Meshes/Railings_RailingBar1.uasset" 72
"D:/Epic Games/UnrealProjects/GrappleGame/GrappleDemo/Content/Art/Meshes/Railings_RailingGlass.uasset" 73
"D:/Epic Games/UnrealProjects/GrappleGame/GrappleDemo/Content/Art/Meshes/Railings_RailingGlass1.uasset" 74
"D:/Epic Games/UnrealProjects/GrappleGame/GrappleDemo/Content/Art/Meshes/SlantedJump.uasset" 75
"D:/Epic Games/UnrealProjects/GrappleGame/GrappleDemo/Content/Art/Meshes/SmallPit_SmallPitGround.uasset" 76
"D:/Epic Games/UnrealProjects/GrappleGame/GrappleDemo/Content/Art/Meshes/SmallPit_SmallPitStairs.uasset" 77
"D:/Epic Games/UnrealProjects/GrappleGame/GrappleDemo/Content/Art/Meshes/SmallPit_SmallPitWall.uasset" 78
"D:/Epic Games/UnrealProjects/GrappleGame/GrappleDemo/Content/Art/Meshes/SmallPit_SmallPitWall1.uasset" 79
"D:/Epic Games/UnrealProjects/GrappleGame/GrappleDemo/Content/Art/Meshes/SmallPit_SmallPitWall2.uasset" 80
"D:/Epic Games/UnrealProjects/GrappleGame/GrappleDemo/Content/Art/Meshes/SmallPit_SmallPitWall3.uasset" 81
"D:/Epic Games/UnrealProjects/GrappleGame/GrappleDemo/Content/Art/Meshes/SmallSlide.uasset" 82
"D:/Epic Games/UnrealProjects/GrappleGame/GrappleDemo/Content/Art/Meshes/Tube_Tube.uasset" 83
"D:/Epic Games/UnrealProjects/GrappleGame/GrappleDemo/Content/Art/Meshes/Tube_TubeWall.uasset" 84
"D:/Epic Games/UnrealProjects/GrappleGame/GrappleDemo/Content/Art/Meshes/Tube_TubeWall1.uasset" 85
"D:/Epic Games/UnrealProjects/GrappleGame/GrappleDemo/Content/Art/Materials/InnerWallBlue.uasset" 86
"D:/Epic Games/UnrealProjects/GrappleGame/GrappleDemo/Content/Art/Meshes/TutorialLevel.uasset" 87
"D:/Epic Games/UnrealProjects/GrappleGame/GrappleDemo/Content/Art/Meshes/TutorialLevelV2.uasset" 88
"D:/Epic Games/UnrealProjects/GrappleGame/GrappleDemo/Content/Art/Materials/SeeThrough.uasset" 89
"D:/Epic Games/UnrealProjects/GrappleGame/GrappleDemo/Content/Art/Materials/StartPlatformTexture.uasset" 90
"D:/Epic Games/UnrealProjects/GrappleGame/GrappleDemo/Content/Art/Meshes/TutorialLevelV2_1.uasset" 91
"D:/Epic Games/UnrealProjects/GrappleGame/GrappleDemo/Content/Art/Meshes/UpperPlatform.uasset" 92
"D:/Epic Games/UnrealProjects/GrappleGame/GrappleDemo/Content/Art/Meshes/Walls_Ceiling.uasset" 93
"D:/Epic Games/UnrealProjects/GrappleGame/GrappleDemo/Content/Art/Meshes/Walls_CeilingLower.uasset" 94
"D:/Epic Games/UnrealProjects/GrappleGame/GrappleDemo/Content/Art/Meshes/Walls_GreenWall.uasset" 95
"D:/Epic Games/UnrealProjects/GrappleGame/GrappleDemo/Content/Art/Meshes/Walls_IndoorFloor12.uasset" 96
"D:/Epic Games/UnrealProjects/GrappleGame/GrappleDemo/Content/Art/Meshes/Walls_IndoorWall.uasset" 97
"D:/Epic Games/UnrealProjects/GrappleGame/GrappleDemo/Content/Art/Meshes/Walls_IndoorWall10.uasset" 98
"D:/Epic Games/UnrealProjects/GrappleGame/GrappleDemo/Content/Art/Meshes/Walls_IndoorWall11.uasset" 99
"D:/Epic Games/UnrealProjects/GrappleGame/GrappleDemo/Content/Art/Meshes/Walls_IndoorWall12.uasset" 100
"D:/Epic Games/UnrealProjects/GrappleGame/GrappleDemo/Content/Art/Meshes/Walls_IndoorWall13.uasset" 101
"D:/Epic Games/UnrealProjects/GrappleGame/GrappleDemo/Content/Art/Meshes/Walls_IndoorWall14.uasset" 102
"D:/Epic Games/UnrealProjects/GrappleGame/GrappleDemo/Content/Art/Meshes/Walls_IndoorWall3.uasset" 103
"D:/Epic Games/UnrealProjects/GrappleGame/GrappleDemo/Content/Art/Meshes/Walls_IndoorWall6.uasset" 104
"D:/Epic Games/UnrealProjects/GrappleGame/GrappleDemo/Content/Art/Meshes/Walls_IndoorWall7.uasset" 105
"D:/Epic Games/UnrealProjects/GrappleGame/GrappleDemo/Content/Art/Meshes/Walls_IndoorWallDoor.uasset" 106
"D:/Epic Games/UnrealProjects/GrappleGame/GrappleDemo/Content/Art/Meshes/Walls_InnerWall.uasset" 107
"D:/Epic Games/UnrealProjects/GrappleGame/GrappleDemo/Content/Art/Meshes/Walls_InnerWall1.uasset" 108
"D:/Epic Games/UnrealProjects/GrappleGame/GrappleDemo/Content/Art/Meshes/Walls_InnerWall2.uasset" 109
"D:/Epic Games/UnrealProjects/GrappleGame/GrappleDemo/Content/Art/Meshes/Walls_InnerWall3.uasset" 110
"D:/Epic Games/UnrealProjects/GrappleGame/GrappleDemo/Content/Art/Meshes/Walls_InnerWall4.uasset" 111
"D:/Epic Games/UnrealProjects/GrappleGame/GrappleDemo/Content/Art/Meshes/Walls_InnerWall5.uasset" 112
"D:/Epic Games/UnrealProjects/GrappleGame/GrappleDemo/Content/Art/Meshes/Walls_OutdoorFloor.uasset" 113
"D:/Epic Games/UnrealProjects/GrappleGame/GrappleDemo/Content/Art/Meshes/Walls_OutdoorFloor1.uasset" 114
"D:/Epic Games/UnrealProjects/GrappleGame/GrappleDemo/Content/Art/Meshes/Walls_OutdoorFloor2.uasset" 115
"D:/Epic Games/UnrealProjects/GrappleGame/GrappleDemo/Content/Art/Meshes/Walls_OutdoorFloor3.uasset" 116
"D:/Epic Games/UnrealProjects/GrappleGame/GrappleDemo/Content/Art/Meshes/Walls_OutdoorFloor4.uasset" 117
"D:/Epic Games/UnrealProjects/GrappleGame/GrappleDemo/Content/Art/Meshes/Walls_OutdoorFloor5.uasset" 118
"D:/Epic Games/UnrealProjects/GrappleGame/GrappleDemo/Content/Art/Meshes/Walls_OutdoorWall11.uasset" 119
"D:/Epic Games/UnrealProjects/GrappleGame/GrappleDemo/Content/Art/Meshes/Walls_OutdoorWall12.uasset" 120
"D:/Epic Games/UnrealProjects/GrappleGame/GrappleDemo/Content/Art/Meshes/Walls_OutdoorWall15.uasset" 121
"D:/Epic Games/UnrealProjects/GrappleGame/GrappleDemo/Content/Art/Meshes/Walls_OutdoorWall16.uasset" 122
"D:/Epic Games/UnrealProjects/GrappleGame/GrappleDemo/Content/Art/Meshes/Walls_OutdoorWall17.uasset" 123
"D:/Epic Games/UnrealProjects/GrappleGame/GrappleDemo/Content/Art/Meshes/Walls_OutdoorWall9.uasset" 124
"D:/Epic Games/UnrealProjects/GrappleGame/GrappleDemo/Content/Art/Meshes/Walls_TubeWall.uasset" 125
"D:/Epic Games/UnrealProjects/GrappleGame/GrappleDemo/Content/Art/Meshes/Walls_TubeWall1.uasset" 126
"D:/Epic Games/UnrealProjects/GrappleGame/GrappleDemo/Content/Art/Meshes/OTHERMESHES/lambert2.uasset" 127
"D:/Epic Games/UnrealProjects/GrappleGame/GrappleDemo/Content/Art/Meshes/OTHERMESHES/seat.uasset" 128
"D:/Epic Games/UnrealProjects/GrappleGame/GrappleDemo/Content/Art/Textures/PitStairs_FirstRelease_fbm/SmallPitStairs_low_blinn4SG_BaseColor.uasset" 129
"D:/Epic Games/UnrealProjects/GrappleGame/GrappleDemo/Content/Art/Textures/PitStairs_FirstRelease_fbm/SmallPitStairs_low_blinn4SG_Metallic.uasset" 130
"D:/Epic Games/UnrealProjects/GrappleGame/GrappleDemo/Content/Art/Textures/PitStairs_FirstRelease_fbm/SmallPitStairs_low_blinn4SG_Normal.uasset" 131
"D:/Epic Games/UnrealProjects/GrappleGame/GrappleDemo/Content/Art/Textures/PitStairs_FirstRelease_fbm/SmallPitStairs_low_blinn4SG_Roughness.uasset" 132
"D:/Epic Games/UnrealProjects/GrappleGame/GrappleDemo/Content/Art/Textures/TutorialLevel/StartPlatform_low_aiStandardSurface1SG_BaseColor.uasset" 133
"D:/Epic Games/UnrealProjects/GrappleGame/GrappleDemo/Content/Art/Textures/TutorialLevel/StartPlatform_low_aiStandardSurface1SG_Height.uasset" 134
"D:/Epic Games/UnrealProjects/GrappleGame/GrappleDemo/Content/Art/Textures/TutorialLevel/StartPlatform_low_aiStandardSurface1SG_Metallic.uasset" 135
"D:/Epic Games/UnrealProjects/GrappleGame/GrappleDemo/Content/Art/Textures/TutorialLevel/StartPlatform_low_aiStandardSurface1SG_Normal.uasset" 136
"D:/Epic Games/UnrealProjects/GrappleGame/GrappleDemo/Content/Art/Textures/TutorialLevel/StartPlatform_low_aiStandardSurface1SG_Roughness.uasset" 137
"D:/Epic Games/UnrealProjects/GrappleGame/GrappleDemo/Content/Art/Textures/TutorialLevel/white_plaster_03_ao_4k.uasset" 138
"D:/Epic Games/UnrealProjects/GrappleGame/GrappleDemo/Content/Art/Textures/TutorialLevel/white_plaster_03_disp_4k.uasset" 139
"D:/Epic Games/UnrealProjects/GrappleGame/GrappleDemo/Content/Art/Textures/TutorialLevel/white_plaster_03_nor_4k.uasset" 140
"D:/Epic Games/UnrealProjects/GrappleGame/GrappleDemo/Content/Art/Textures/TutorialLevel/white_plaster_03_rough_4k.uasset" 141
"D:/Epic Games/UnrealProjects/GrappleGame/GrappleDemo/Content/Art/Textures/TutorialLevelV2_1_fbm/StartPlatform_low_aiStandardSurface1SG_BaseColor.uasset" 142
"D:/Epic Games/UnrealProjects/GrappleGame/GrappleDemo/Content/Art/Textures/TutorialLevelV2_1_fbm/StartPlatform_low_aiStandardSurface1SG_Height.uasset" 143
"D:/Epic Games/UnrealProjects/GrappleGame/GrappleDemo/Content/Art/Textures/TutorialLevelV2_1_fbm/StartPlatform_low_aiStandardSurface1SG_Metallic.uasset" 144
"D:/Epic Games/UnrealProjects/GrappleGame/GrappleDemo/Content/Art/Textures/TutorialLevelV2_1_fbm/StartPlatform_low_aiStandardSurface1SG_Roughness.uasset" 145
"D:/Epic Games/UnrealProjects/GrappleGame/GrappleDemo/Content/Art/UI/Crosshair/T_BlueCrosshair.uasset" 146
"D:/Epic Games/UnrealProjects/GrappleGame/GrappleDemo/Content/Art/UI/Crosshair/T_RedCrosshair.uasset" 147
"D:/Epic Games/UnrealProjects/GrappleGame/GrappleDemo/Content/Blueprints/Checkpoints/BP_FloorTrigger.uasset" 148
"D:/Epic Games/UnrealProjects/GrappleGame/GrappleDemo/Content/Blueprints/BP_FloorTrigger.uasset" 149
"D:/Epic Games/UnrealProjects/GrappleGame/GrappleDemo/Content/Art/UI/Crosshair/HighlightedCursor.uasset" 150
"D:/Epic Games/UnrealProjects/GrappleGame/GrappleDemo/Content/Art/UI/Crosshair/NormalCursor.uasset" 151
"D:/Epic Games/UnrealProjects/GrappleGame/GrappleDemo/Content/Blueprints/UI/ReticleWidget.uasset" 152
"D:/Epic Games/UnrealProjects/GrappleGame/GrappleDemo/Content/Blueprints/UI/PlayerHUD.uasset" 153
"D:/Epic Games/UnrealProjects/GrappleGame/GrappleDemo/Content/Blueprints/GrapplingGameMode.uasset" 154
"D:/Epic Games/UnrealProjects/GrappleGame/GrappleDemo/Content/Art/Meshes/lever-base.uasset" 155
"D:/Epic Games/UnrealProjects/GrappleGame/GrappleDemo/Content/Art/Meshes/lever-handle.uasset" 156
"D:/Epic Games/UnrealProjects/GrappleGame/GrappleDemo/Content/Blueprints/Reactors/LeverReactor.uasset" 157
"D:/Epic Games/UnrealProjects/GrappleGame/GrappleDemo/Content/Blueprints/Reactors/LeverReactorTrackPolarity.uasset" 158
"../../../Engine/Content/Animation/DefaultAnimCurveCompressionSettings.uasset" 159
"../../../Engine/Content/ArtTools/RenderToTexture/Meshes/S_1_Unit_Plane.uasset" 160
"../../../Engine/Content/BasicShapes/Plane.uasset" 161
"../../../Engine/Content/EditorLandscapeResources/DataLayer.uasset" 162
"../../../Engine/Content/EditorMaterials/MAT_Groups_Toggle.uasset" 163
"../../../Engine/Content/EditorMaterials/MAT_Groups_Visibility.uasset" 164
"../../../Engine/Content/EditorMaterials/PreviewShadowIndicator.uasset" 165
"../../../Engine/Content/EditorMaterials/PreviewShadowIndicatorMaterial.uasset" 166
"../../../Engine/Content/EditorMaterials/MatineeGroups/MAT_ColorTrack.uasset" 167
"../../../Engine/Content/EditorMaterials/MatineeGroups/MAT_Groups_Anim.uasset" 168
"../../../Engine/Content/EditorMaterials/MatineeGroups/MAT_Groups_AudioMaster.uasset" 169
"../../../Engine/Content/EditorMaterials/MatineeGroups/MAT_Groups_Director.uasset" 170
"../../../Engine/Content/EditorMaterials/MatineeGroups/MAT_Groups_Event.uasset" 171
"../../../Engine/Content/EditorMaterials/MatineeGroups/MAT_Groups_Fade.uasset" 172
"../../../Engine/Content/EditorMaterials/MatineeGroups/MAT_Groups_Float.uasset" 173
"../../../Engine/Content/EditorMaterials/MatineeGroups/MAT_Groups_Move.uasset" 174
"../../../Engine/Content/EditorMaterials/MatineeGroups/MAT_Groups_Slomo.uasset" 175
"../../../Engine/Content/EditorMaterials/MatineeGroups/MAT_Groups_Sound.uasset" 176
"../../../Engine/Content/EditorMaterials/MatineeGroups/MAT_Groups_Vector.uasset" 177
"../../../Engine/Content/EditorMaterials/ParticleSystems/PSysThumbnail_NoImage.uasset" 178
"../../../Engine/Content/EditorMaterials/ParticleSystems/PSysThumbnail_OOD.uasset" 179
"../../../Engine/Content/EditorMaterials/Camera/CineMat.uasset" 180
"../../../Engine/Content/EditorMaterials/Camera/MI_CineMat_Rig.uasset" 181
"../../../Engine/Content/EditorMeshes/Camera/SM_CraneRig_Arm.uasset" 182
"../../../Engine/Content/EditorMeshes/Camera/SM_CraneRig_Base.uasset" 183
"../../../Engine/Content/EditorMeshes/Camera/SM_CraneRig_Body.uasset" 184
"../../../Engine/Content/EditorMeshes/Camera/SM_CraneRig_Mount.uasset" 185
"../../../Engine/Content/EditorMeshes/Camera/SM_RailRig_Mount.uasset" 186
"../../../Engine/Content/EditorMeshes/Camera/SM_RailRig_Track.uasset" 187
"../../../Engine/Content/EditorResources/BSPVertex.uasset" 188
"../../../Engine/Content/EditorResources/EmptyActor.uasset" 189
"../../../Engine/Content/EditorResources/S_Actor.uasset" 190
"../../../Engine/Content/EditorResources/S_Note.uasset" 191
"../../../Engine/Content/EditorResources/S_Solver.uasset" 192
"../../../Engine/Content/EditorResources/S_Trigger.uasset" 193
"../../../Engine/Content/EditorResources/LightIcons/S_LightError.uasset" 194
"../../../Engine/Content/EditorResources/SequenceRecorder/Countdown.uasset" 195
"../../../Engine/Content/EditorResources/SequenceRecorder/RecordingIndicator.uasset" 196
"../../../Engine/Content/EditorSounds/Notifications/CompileFailed.uasset" 197
"../../../Engine/Content/EditorSounds/Notifications/CompileFailed_Cue.uasset" 198
"../../../Engine/Content/EditorSounds/Notifications/CompileSuccess.uasset" 199
"../../../Engine/Content/EditorSounds/Notifications/CompileStart_Cue.uasset" 200
"../../../Engine/Content/EditorSounds/Notifications/CompileSuccess_Cue.uasset" 201
"../../../Engine/Content/EngineDamageTypes/DmgTypeBP_Environmental.uasset" 202
"../../../Engine/Content/EngineDebugMaterials/DebugEditorMaterial.uasset" 203
"../../../Engine/Content/EngineDebugMaterials/DebugMeshMaterial.uasset" 204
"../../../Engine/Content/EngineDebugMaterials/M_SimpleTranslucent.uasset" 205
"../../../Engine/Content/Functions/Engine_MaterialFunctions02/Utility/CameraDirectionVector.uasset" 206
"../../../Engine/Content/EngineDebugMaterials/VolumeToRender.uasset" 207
"../../../Engine/Content/EngineDebugMaterials/M_VolumeRenderSphereTracePP.uasset" 208
"../../../Engine/Content/EngineDebugMaterials/WireframeMaterial.uasset" 209
"../../../Engine/Content/EngineFonts/Faces/DroidSansFallback.uasset" 210
"../../../Engine/Content/EngineFonts/Faces/RobotoBold.uasset" 211
"../../../Engine/Content/EngineFonts/Faces/RobotoBoldItalic.uasset" 212
"../../../Engine/Content/EngineFonts/Faces/RobotoItalic.uasset" 213
"../../../Engine/Content/EngineFonts/Faces/RobotoLight.uasset" 214
"../../../Engine/Content/EngineFonts/Faces/RobotoRegular.uasset" 215
"../../../Engine/Content/EngineFonts/Roboto.uasset" 216
"../../../Engine/Content/EngineMaterials/BlueNoise.uasset" 217
"../../../Engine/Content/EngineMaterials/DefaultBloomKernel.uasset" 218
"../../../Engine/Content/EngineMaterials/DefaultBokeh.uasset" 219
"../../../Engine/Content/EngineMaterials/DefaultDiffuse.uasset" 220
"../../../Engine/Content/EngineMaterials/DefaultDeferredDecalMaterial.uasset" 221
"../../../Engine/Content/EngineMaterials/DefaultLightFunctionMaterial.uasset" 222
"../../../Engine/Content/EngineMaterials/DefaultPhysicalMaterial.uasset" 223
"../../../Engine/Content/Functions/Engine_MaterialFunctions02/Utility/BreakOutFloat2Components.uasset" 224
"../../../Engine/Content/EngineMaterials/DefaultPostProcessMaterial.uasset" 225
"../../../Engine/Content/EngineFonts/RobotoDistanceField.uasset" 226
"../../../Engine/Content/EngineMaterials/DefaultTextMaterialOpaque.uasset" 227
"../../../Engine/Content/EngineMaterials/DefaultVirtualTextureMaterial.uasset" 228
"../../../Engine/Content/EngineMaterials/DefaultWhiteGrid.uasset" 229
"../../../Engine/Content/EngineMaterials/DefaultWhiteGrid_Low.uasset" 230
"../../../Engine/Content/EngineMaterials/EmissiveMeshMaterial.uasset" 231
"../../../Engine/Content/EngineMaterials/GizmoMaterial.uasset" 232
"../../../Engine/Content/EngineMaterials/Good64x64TilingNoiseHighFreq.uasset" 233
"../../../Engine/Content/EngineMaterials/HairDefaultMaterial.uasset" 234
"../../../Engine/Content/EngineMaterials/MiniFont.uasset" 235
"../../../Engine/Content/EngineMaterials/InvalidLightmapSettings.uasset" 236
"../../../Engine/Content/EngineMaterials/M_InvalidLightmapSettings.uasset" 237
"../../../Engine/Content/Functions/Engine_MaterialFunctions02/WorldPositionOffset/CameraOffset.uasset" 238
"../../../Engine/Content/EngineMaterials/PhAT_JointLimitMaterial.uasset" 239
"../../../Engine/Content/EngineMaterials/PreintegratedSkinBRDF.uasset" 240
"../../../Engine/Content/EngineMaterials/RemoveSurfaceMaterial.uasset" 241
"../../../Engine/Content/EngineMaterials/WeightMapPlaceholderTexture.uasset" 242
"../../../Engine/Content/EngineResources/WhiteSquareTexture.uasset" 243
"../../../Engine/Content/EngineMaterials/Widget3DPassThrough.uasset" 244
"../../../Engine/Content/EngineMaterials/Widget3DPassThrough_Masked.uasset" 245
"../../../Engine/Content/EngineMaterials/Widget3DPassThrough_Opaque.uasset" 246
"../../../Engine/Content/EngineMaterials/Widget3DPassThrough_Masked_OneSided.uasset" 247
"../../../Engine/Content/EngineMaterials/Widget3DPassThrough_Opaque_OneSided.uasset" 248
"../../../Engine/Content/EngineMaterials/Widget3DPassThrough_Translucent.uasset" 249
"../../../Engine/Content/EngineMaterials/Widget3DPassThrough_Translucent_OneSided.uasset" 250
"../../../Engine/Content/EngineMaterials/DefaultMaterial.uasset" 251
"../../../Engine/Content/EngineMeshes/Cylinder.uasset" 252
"../../../Engine/Content/EngineMeshes/Sphere.uasset" 253
"../../../Engine/Content/EngineResources/Black.uasset" 254
"../../../Engine/Content/EngineResources/DefaultTexture.uasset" 255
"../../../Engine/Content/EngineResources/DefaultTextureCube.uasset" 256
"../../../Engine/Content/EngineResources/DefaultVolumeTexture2D.uasset" 257
"../../../Engine/Content/EngineResources/DefaultVolumeTexture.uasset" 258
"../../../Engine/Content/EngineResources/GradientTexture0.uasset" 259
"../../../Engine/Content/EngineSounds/Master.uasset" 260
"../../../Engine/Content/Functions/Engine_MaterialFunctions01/Shading/ConvertFromDiffSpec.uasset" 261
"../../../Engine/Content/Functions/Engine_MaterialFunctions01/Shading/PowerToRoughness.uasset" 262
"../../../Engine/Content/Maps/Templates/Thumbnails/Default.uasset" 263
"../../../Engine/Content/Maps/Templates/Thumbnails/TimeOfDay.uasset" 264
"../../../Engine/Content/Maps/Templates/Thumbnails/VR-Basic.uasset" 265
"../../../Engine/Content/MobileResources/T_MobileControls_texture.uasset" 266
"../../../Engine/Content/MobileResources/T_MobileMenu2.uasset" 267
"../../../Engine/Content/MobileResources/HUD/AnalogHat.uasset" 268
"../../../Engine/Content/MobileResources/HUD/VirtualJoystick_Background.uasset" 269
"../../../Engine/Content/MobileResources/HUD/VirtualJoystick_Thumb.uasset" 270
"../../../Engine/Content/MobileResources/HUD/DefaultVirtualJoysticks.uasset" 271
"../../../Engine/Content/MobileResources/HUD/LeftVirtualJoystickOnly.uasset" 272
"../../../Engine/Content/MobileResources/HUD/MobileHUDButton1_off.uasset" 273
"../../../Engine/Content/MobileResources/HUD/MobileHUDButton1_on.uasset" 274
"../../../Engine/Content/MobileResources/HUD/MobileHUDButton2_off.uasset" 275
"../../../Engine/Content/MobileResources/HUD/MobileHUDButton2_on.uasset" 276
"../../../Engine/Content/MobileResources/HUD/MobileHUDButton3.uasset" 277
"../../../Engine/Content/MobileResources/HUD/MobileHUDButtonFire.uasset" 278
"../../../Engine/Content/MobileResources/HUD/MobileHUDDirectionPad.uasset" 279
"../../../Engine/Content/MobileResources/HUD/MobileHUDDirectionPad2.uasset" 280
"../../../Engine/Content/MobileResources/HUD/MobileHUDDirectionPad3.uasset" 281
"../../../Engine/Content/MobileResources/HUD/MobileHUDDirectionStick.uasset" 282
"../../../Engine/Content/MobileResources/HUD/T_Castle_ThumbstickInner.uasset" 283
"../../../Engine/Content/MobileResources/HUD/T_Castle_ThumbstickOutter.uasset" 284
"../../../Engine/Content/Tutorial/ContentIntroCurve.uasset" 285
"../../../Engine/Content/Tutorial/Basics/LevelEditorAttract.uasset" 286
"../../../Engine/Content/VREditor/LaserPointer/VR_LaserPower_01.uasset" 287
"../../../Engine/Content/VREditor/TransformGizmo/TransformGizmoMaterial.uasset" 288
"../../../Engine/Content/VREditor/TransformGizmo/TranslucentTransformGizmoMaterial.uasset" 289
"../../../Engine/Content/VREditor/TransformGizmo/BoundingBoxCorner.uasset" 290
"../../../Engine/Content/VREditor/TransformGizmo/BoundingBoxEdge.uasset" 291
"../../../Engine/Content/VREditor/TransformGizmo/PlaneTranslationHandle.uasset" 292
"../../../Engine/Content/VREditor/TransformGizmo/Main.uasset" 293
"../../../Engine/Content/VREditor/TransformGizmo/Xray.uasset" 294
"../../../Engine/Content/VREditor/TransformGizmo/SM_Sequencer_Key.uasset" 295
"../../../Engine/Content/VREditor/TransformGizmo/SM_Sequencer_Node.uasset" 296
"../../Plugins/2D/Paper2D/Content/PlaceholderTextures/DummySpriteTexture.uasset" 297
"../../Plugins/2D/Paper2D/Content/DummySprite.uasset" 298
"../../Plugins/2D/Paper2D/Content/DefaultPaperTerrainMaterial.uasset" 299
"../../Plugins/2D/Paper2D/Content/DummySpriteTexture.uasset" 300
"../../Plugins/2D/Paper2D/Content/DefaultSpriteMaterial.uasset" 301
"../../Plugins/2D/Paper2D/Content/MaskedUnlitSpriteMaterial.uasset" 302
"../../Plugins/2D/Paper2D/Content/OpaqueUnlitSpriteMaterial.uasset" 303
"D:/Epic Games/UnrealProjects/GrappleGame/GrappleDemo/Content/Blueprints/LevelTransitions/LevelChangerTrigger.uasset" 304
"D:/Epic Games/UnrealProjects/GrappleGame/GrappleDemo/Content/Art/Materials/GrappleWire/TestGrappleWireAlbedo.uasset" 305
"D:/Epic Games/UnrealProjects/GrappleGame/GrappleDemo/Content/Art/Materials/GrappleWire/GrappleWireSegment.uasset" 306
"D:/Epic Games/UnrealProjects/GrappleGame/GrappleDemo/Content/Art/Materials/GrappleWire/WireSegmentInstance.uasset" 307
"D:/Epic Games/UnrealProjects/GrappleGame/GrappleDemo/Content/Art/Textures/GrappleGun/GrappleGun_low_1001_BaseColor.uasset" 308
"D:/Epic Games/UnrealProjects/GrappleGame/GrappleDemo/Content/Art/Textures/GrappleGun/GrappleGun_low_1001_Metalness.uasset" 309
"D:/Epic Games/UnrealProjects/GrappleGame/GrappleDemo/Content/Art/Textures/GrappleGun/GrappleGun_low_1001_Normal.uasset" 310
"D:/Epic Games/UnrealProjects/GrappleGame/GrappleDemo/Content/Art/Textures/GrappleGun/GrappleGun_low_1001_Roughness.uasset" 311
"D:/Epic Games/UnrealProjects/GrappleGame/GrappleDemo/Content/Art/Materials/GrapplingGunTexture.uasset" 312
"D:/Epic Games/UnrealProjects/GrappleGame/GrappleDemo/Content/Art/Meshes/GrappleGun.uasset" 313
"D:/Epic Games/UnrealProjects/GrappleGame/GrappleDemo/Content/Art/Textures/CordTexture/Rope_basecolordarker.uasset" 314
"D:/Epic Games/UnrealProjects/GrappleGame/GrappleDemo/Content/Art/Textures/CordTexture/Rope_cavity.uasset" 315
"D:/Epic Games/UnrealProjects/GrappleGame/GrappleDemo/Content/Art/Textures/CordTexture/Rope_normal.uasset" 316
"D:/Epic Games/UnrealProjects/GrappleGame/GrappleDemo/Content/Art/Textures/CordTexture/Rope_roughness.uasset" 317
"D:/Epic Games/UnrealProjects/GrappleGame/GrappleDemo/Content/Art/Materials/GrappleHookTexture.uasset" 318
"D:/Epic Games/UnrealProjects/GrappleGame/GrappleDemo/Content/Art/Meshes/CordTexture.uasset" 319
"D:/Epic Games/UnrealProjects/GrappleGame/GrappleDemo/Content/Art/Meshes/GrappleHook.uasset" 320
"D:/Epic Games/UnrealProjects/GrappleGame/GrappleDemo/Content/Art/Meshes/GrappleWire/UncappedUnitRadiusCylinder.uasset" 321
"D:/Epic Games/UnrealProjects/GrappleGame/GrappleDemo/Content/Art/Meshes/GrappleWire/UnitRadiusSphere.uasset" 322
"D:/Epic Games/UnrealProjects/GrappleGame/GrappleDemo/Content/Art/Meshes/PlayerCylinder.uasset" 323
"D:/Epic Games/UnrealProjects/GrappleGame/GrappleDemo/Content/PhysicsMaterials/PlayerMove.uasset" 324
"D:/Epic Games/UnrealProjects/GrappleGame/GrappleDemo/Content/PhysicsMaterials/PlayerStop.uasset" 325
"D:/Epic Games/UnrealProjects/GrappleGame/GrappleDemo/Content/PhysicsMaterials/RunSlide.uasset" 326
"D:/Epic Games/UnrealProjects/GrappleGame/GrappleDemo/Content/Blueprints/Player.uasset" 327
"D:/Epic Games/UnrealProjects/GrappleGame/GrappleDemo/Content/Maps/Levels/AdriansLevel/AdrianLevel_BuiltData.uasset" 328
"D:/Epic Games/UnrealProjects/GrappleGame/GrappleDemo/Content/Art/Textures/TutorialLevel/21_red_wall_bricks_DISPL.uasset" 329
"D:/Epic Games/UnrealProjects/GrappleGame/GrappleDemo/Content/Art/Textures/TutorialLevel/21_red_wall_bricks_NORM.uasset" 330
"D:/Epic Games/UnrealProjects/GrappleGame/GrappleDemo/Content/Art/Textures/TutorialLevel/21_red_wall_bricks_PBR_texture_seamless.uasset" 331
"D:/Epic Games/UnrealProjects/GrappleGame/GrappleDemo/Content/Art/Textures/TutorialLevel/21_red_wall_bricks_SPEC.uasset" 332
"D:/Epic Games/UnrealProjects/GrappleGame/GrappleDemo/Content/Art/Materials/BrickWallTexture1.uasset" 333
"D:/Epic Games/UnrealProjects/GrappleGame/GrappleDemo/Content/Art/Textures/TutorialLevel/Plane_initialShadingGroup_BaseColor.uasset" 334
"D:/Epic Games/UnrealProjects/GrappleGame/GrappleDemo/Content/Art/Textures/TutorialLevel/Plane_initialShadingGroup_Metallic.uasset" 335
"D:/Epic Games/UnrealProjects/GrappleGame/GrappleDemo/Content/Art/Textures/TutorialLevel/Plane_initialShadingGroup_Normal.uasset" 336
"D:/Epic Games/UnrealProjects/GrappleGame/GrappleDemo/Content/Art/Textures/TutorialLevel/Plane_initialShadingGroup_Roughness.uasset" 337
"D:/Epic Games/UnrealProjects/GrappleGame/GrappleDemo/Content/Art/Materials/Concrete.uasset" 338
"D:/Epic Games/UnrealProjects/GrappleGame/GrappleDemo/Content/Art/Textures/TutorialLevel/GarageDoor_low_initialShadingGroup_BaseColor.uasset" 339
"D:/Epic Games/UnrealProjects/GrappleGame/GrappleDemo/Content/Art/Textures/TutorialLevel/GarageDoor_low_initialShadingGroup_Height.uasset" 340
"D:/Epic Games/UnrealProjects/GrappleGame/GrappleDemo/Content/Art/Textures/TutorialLevel/GarageDoor_low_initialShadingGroup_Metallic.uasset" 341
"D:/Epic Games/UnrealProjects/GrappleGame/GrappleDemo/Content/Art/Textures/TutorialLevel/GarageDoor_low_initialShadingGroup_Normal.uasset" 342
"D:/Epic Games/UnrealProjects/GrappleGame/GrappleDemo/Content/Art/Textures/TutorialLevel/GarageDoor_low_initialShadingGroup_Roughness.uasset" 343
"D:/Epic Games/UnrealProjects/GrappleGame/GrappleDemo/Content/Art/Materials/GarageDoorTexture.uasset" 344
"D:/Epic Games/UnrealProjects/GrappleGame/GrappleDemo/Content/Art/Materials/Grapple_Platform.uasset" 345
"D:/Epic Games/UnrealProjects/GrappleGame/GrappleDemo/Content/Art/Textures/TutorialLevel/Hurdle_low_aiStandardSurface8SG_BaseColor.uasset" 346
"D:/Epic Games/UnrealProjects/GrappleGame/GrappleDemo/Content/Art/Textures/TutorialLevel/Hurdle_low_aiStandardSurface8SG_Metallic.uasset" 347
"D:/Epic Games/UnrealProjects/GrappleGame/GrappleDemo/Content/Art/Textures/TutorialLevel/Hurdle_low_aiStandardSurface8SG_Normal.uasset" 348
"D:/Epic Games/UnrealProjects/GrappleGame/GrappleDemo/Content/Art/Textures/TutorialLevel/Hurdle_low_aiStandardSurface8SG_Roughness.uasset" 349
"D:/Epic Games/UnrealProjects/GrappleGame/GrappleDemo/Content/Art/Materials/HurdleTexture.uasset" 350
"D:/Epic Games/UnrealProjects/GrappleGame/GrappleDemo/Content/Art/Materials/IndoorWallTexture.uasset" 351
"D:/Epic Games/UnrealProjects/GrappleGame/GrappleDemo/Content/Art/Materials/Jumping_End_Platform.uasset" 352
"D:/Epic Games/UnrealProjects/GrappleGame/GrappleDemo/Content/Art/Materials/SlideColor.uasset" 353
"D:/Epic Games/UnrealProjects/GrappleGame/GrappleDemo/Content/Art/Materials/U_P_Color.uasset" 354
"D:/Epic Games/UnrealProjects/GrappleGame/GrappleDemo/Content/Art/PizzaLogo_trans.uasset" 355
"D:/Epic Games/UnrealProjects/GrappleGame/GrappleDemo/Content/Art/PizzaLogo_trans_Mat.uasset" 356
"../../../Engine/Content/BasicShapes/Cube.uasset" 357
"D:/Epic Games/UnrealProjects/GrappleGame/GrappleDemo/Content/Art/Meshes/LevelGateway.uasset" 358
"D:/Epic Games/UnrealProjects/GrappleGame/GrappleDemo/Content/Art/Meshes/OTHERMESHES/circletable.uasset" 359
"D:/Epic Games/UnrealProjects/GrappleGame/GrappleDemo/Content/Art/Meshes/OTHERMESHES/diningchair.uasset" 360
"D:/Epic Games/UnrealProjects/GrappleGame/GrappleDemo/Content/Art/Meshes/OTHERMESHES/frontdesk.uasset" 361
"D:/Epic Games/UnrealProjects/GrappleGame/GrappleDemo/Content/Art/Meshes/OTHERMESHES/Locker.uasset" 362
"D:/Epic Games/UnrealProjects/GrappleGame/GrappleDemo/Content/Art/Meshes/OTHERMESHES/SmallDiningChair.uasset" 363
"D:/Epic Games/UnrealProjects/GrappleGame/GrappleDemo/Content/Art/Meshes/OTHERMESHES/tv_texture1.uasset" 364
"D:/Epic Games/UnrealProjects/GrappleGame/GrappleDemo/Content/Art/Meshes/OTHERMESHES/tv_texture.uasset" 365
"D:/Epic Games/UnrealProjects/GrappleGame/GrappleDemo/Content/Art/Meshes/OTHERMESHES/smallTv.uasset" 366
"D:/Epic Games/UnrealProjects/GrappleGame/GrappleDemo/Content/Art/Meshes/OTHERMESHES/Trashcan.uasset" 367
"D:/Epic Games/UnrealProjects/GrappleGame/GrappleDemo/Content/Art/Meshes/OTHERMESHES/Trashcan1.uasset" 368
"D:/Epic Games/UnrealProjects/GrappleGame/GrappleDemo/Content/Art/Meshes/PointyBuilding_Graybox_BuildingTopper.uasset" 369
"D:/Epic Games/UnrealProjects/GrappleGame/GrappleDemo/Content/Art/Meshes/Railings_RailingBar.uasset" 370
"D:/Epic Games/UnrealProjects/GrappleGame/GrappleDemo/Content/Art/Meshes/RoundBuilding_Graybox_RoundBuilding.uasset" 371
"D:/Epic Games/UnrealProjects/GrappleGame/GrappleDemo/Content/Art/Meshes/TieredBuilding_Graybox_TieredBuilding3.uasset" 372
"D:/Epic Games/UnrealProjects/GrappleGame/GrappleDemo/Content/Maps/Levels/AdriansLevel/Box_Brush3_StaticMesh.uasset" 373
"D:/Epic Games/UnrealProjects/GrappleGame/GrappleDemo/Content/Maps/Levels/AdriansLevel/Box_Brush5_StaticMesh.uasset" 374
"D:/Epic Games/UnrealProjects/GrappleGame/GrappleDemo/Content/Maps/Levels/AdriansLevel/Box_Brush6_StaticMesh.uasset" 375
"D:/Epic Games/UnrealProjects/GrappleGame/GrappleDemo/Content/Maps/Levels/AdriansLevel/Box_Brush7_StaticMesh.uasset" 376
"D:/Epic Games/UnrealProjects/GrappleGame/GrappleDemo/Content/Maps/Levels/AdriansLevel/Building1/B1Floor_StaticMesh.uasset" 377
"D:/Epic Games/UnrealProjects/GrappleGame/GrappleDemo/Content/Maps/Levels/AdriansLevel/Building1/B1Plank_StaticMesh.uasset" 378
"D:/Epic Games/UnrealProjects/GrappleGame/GrappleDemo/Content/Maps/Levels/AdriansLevel/Building1/B1Vent_StaticMesh.uasset" 379
"D:/Epic Games/UnrealProjects/GrappleGame/GrappleDemo/Content/Maps/Levels/AdriansLevel/Building1/B1Wall_StaticMesh.uasset" 380
"D:/Epic Games/UnrealProjects/GrappleGame/GrappleDemo/Content/Maps/Levels/AdriansLevel/Building2/B2Box1_StaticMesh.uasset" 381
"D:/Epic Games/UnrealProjects/GrappleGame/GrappleDemo/Content/Maps/Levels/AdriansLevel/Building2/Box_Brush_StaticMesh.uasset" 382
"D:/Epic Games/UnrealProjects/GrappleGame/GrappleDemo/Content/Maps/Levels/AdriansLevel/Fence.uasset" 383
"D:/Epic Games/UnrealProjects/GrappleGame/GrappleDemo/Content/Maps/Levels/AdriansLevel/AdrianLevel.umap" 384
"../../../Engine/Content/EditorBlueprintResources/StandardMacros.uasset" 385
"../../../Engine/Content/EngineSky/C_Sky_Cloud_Color.uasset" 386
"../../../Engine/Content/EngineSky/C_Sky_Horizon_Color.uasset" 387
"../../../Engine/Content/EngineSky/C_Sky_Zenith_Color.uasset" 388
"../../../Engine/Content/EngineSky/T_Sky_Blue.uasset" 389
"../../../Engine/Content/EngineSky/T_Sky_Clouds_M.uasset" 390
"../../../Engine/Content/EngineSky/T_Sky_Stars.uasset" 391
"../../../Engine/Content/EngineSky/M_Sky_Panning_Clouds2.uasset" 392
"../../../Engine/Content/EngineSky/SM_SkySphere.uasset" 393
"../../../Engine/Content/EngineSky/BP_Sky_Sphere.uasset" 394
"../../../Engine/Content/BasicShapes/BasicShapeMaterial.uasset" 395
"D:/Epic Games/UnrealProjects/GrappleGame/GrappleDemo/Content/Blueprints/Reactors/ButtonReactorTimer.uasset" 396
"../../../Engine/Content/EditorMaterials/WidgetMaterial_Y.uasset" 397
"../../../Engine/Content/BasicShapes/Sphere.uasset" 398
"D:/Epic Games/UnrealProjects/GrappleGame/GrappleDemo/Content/Blueprints/TrackTemplates/LoopingGrappleTrack.uasset" 399
"D:/Epic Games/UnrealProjects/GrappleGame/GrappleDemo/Content/Maps/Levels/AdriansLevel/AdvancedTutorial_BuiltData.uasset" 400
"../../../Engine/Content/MapTemplates/SM_Template_Map_Floor.uasset" 401
"D:/Epic Games/UnrealProjects/GrappleGame/GrappleDemo/Content/Maps/Levels/AdriansLevel/AdvancedTutorial.umap" 402
"D:/Epic Games/UnrealProjects/GrappleGame/GrappleDemo/Content/Blueprints/Checkpoints/BP_CheckpointTrigger.uasset" 403
"D:/Epic Games/UnrealProjects/GrappleGame/GrappleDemo/Content/Blueprints/BP_CheckpointTrigger.uasset" 404
"D:/Epic Games/UnrealProjects/GrappleGame/GrappleDemo/Content/Blueprints/Checkpoints/BP_OutOfBounds.uasset" 405
"D:/Epic Games/UnrealProjects/GrappleGame/GrappleDemo/Content/Blueprints/BP_OutOfBounds.uasset" 406
"D:/Epic Games/UnrealProjects/GrappleGame/GrappleDemo/Content/Maps/Levels/DannyLevel/Level4_BuiltData.uasset" 407
"D:/Epic Games/UnrealProjects/GrappleGame/GrappleDemo/Content/Maps/Levels/DannyLevel/Level4.umap" 408
"D:/Epic Games/UnrealProjects/GrappleGame/GrappleDemo/Content/Maps/Levels/DannyLevel/Level_4_BuiltData.uasset" 409
"D:/Epic Games/UnrealProjects/GrappleGame/GrappleDemo/Content/Art/Materials/Building.uasset" 410
"D:/Epic Games/UnrealProjects/GrappleGame/GrappleDemo/Content/Art/Materials/Building_Mat.uasset" 411
"D:/Epic Games/UnrealProjects/GrappleGame/GrappleDemo/Content/Art/Materials/CeilingTexture.uasset" 412
"D:/Epic Games/UnrealProjects/GrappleGame/GrappleDemo/Content/Art/Materials/Finish_Platform.uasset" 413
"D:/Epic Games/UnrealProjects/GrappleGame/GrappleDemo/Content/Art/Materials/L_P_Color.uasset" 414
"D:/Epic Games/UnrealProjects/GrappleGame/GrappleDemo/Content/Art/Textures/TutorialLevel/Railing_low_1001_BaseColor.uasset" 415
"D:/Epic Games/UnrealProjects/GrappleGame/GrappleDemo/Content/Art/Textures/TutorialLevel/Railing_low_1001_Metalness.uasset" 416
"D:/Epic Games/UnrealProjects/GrappleGame/GrappleDemo/Content/Art/Textures/TutorialLevel/Railing_low_1001_Opacity.uasset" 417
"D:/Epic Games/UnrealProjects/GrappleGame/GrappleDemo/Content/Art/Textures/TutorialLevel/Railing_low_1001_Roughness.uasset" 418
"D:/Epic Games/UnrealProjects/GrappleGame/GrappleDemo/Content/Art/Materials/RailingTexture.uasset" 419
"../../../Engine/Content/BasicShapes/Cylinder.uasset" 420
"D:/Epic Games/UnrealProjects/GrappleGame/GrappleDemo/Content/Art/Meshes/ConstructionBuilding_Graybox_ConstructionBuilding1.uasset" 421
"D:/Epic Games/UnrealProjects/GrappleGame/GrappleDemo/Content/Art/Meshes/ConstructionBuilding_Graybox_Support2.uasset" 422
"D:/Epic Games/UnrealProjects/GrappleGame/GrappleDemo/Content/Art/Meshes/OTHERMESHES/squaretable.uasset" 423
"D:/Epic Games/UnrealProjects/GrappleGame/GrappleDemo/Content/Art/Meshes/PointyBuilding_Graybox_BasicBuilding1.uasset" 424
"D:/Epic Games/UnrealProjects/GrappleGame/GrappleDemo/Content/Art/Meshes/Railings_RailingBase.uasset" 425
"D:/Epic Games/UnrealProjects/GrappleGame/GrappleDemo/Content/Maps/Levels/DannyLevel/Level_4.umap" 426
"D:/Epic Games/UnrealProjects/GrappleGame/GrappleDemo/Content/Maps/Levels/DannyLevel/Tutorial_Level_DL_BuiltData.uasset" 427
"../../../Engine/Content/BasicShapes/Cube1.uasset" 428
"../../../Engine/Content/MapTemplates/daylight.uasset" 429
"D:/Epic Games/UnrealProjects/GrappleGame/GrappleDemo/Content/Art/MiniSign.uasset" 430
"D:/Epic Games/UnrealProjects/GrappleGame/GrappleDemo/Content/Maps/Levels/DannyLevel/Tutorial_Level_DL.umap" 431
"D:/Epic Games/UnrealProjects/GrappleGame/GrappleDemo/Content/Art/UI/Freude.uasset" 432
"D:/Epic Games/UnrealProjects/GrappleGame/GrappleDemo/Content/Maps/Levels/Hub/HubLevel_BuiltData.uasset" 433
"D:/Epic Games/UnrealProjects/GrappleGame/GrappleDemo/Content/Art/Textures/TutorialLevel/FinalPlatform_low_aiStandardSurface7SG_BaseColor.uasset" 434
"D:/Epic Games/UnrealProjects/GrappleGame/GrappleDemo/Content/Art/Textures/TutorialLevel/FinalPlatform_low_aiStandardSurface7SG_Metallic.uasset" 435
"D:/Epic Games/UnrealProjects/GrappleGame/GrappleDemo/Content/Art/Textures/TutorialLevel/FinalPlatform_low_aiStandardSurface7SG_Normal.uasset" 436
"D:/Epic Games/UnrealProjects/GrappleGame/GrappleDemo/Content/Art/Textures/TutorialLevel/FinalPlatform_low_aiStandardSurface7SG_Roughness.uasset" 437
"D:/Epic Games/UnrealProjects/GrappleGame/GrappleDemo/Content/Art/Materials/FinalPlatformTexture.uasset" 438
"D:/Epic Games/UnrealProjects/GrappleGame/GrappleDemo/Content/Maps/Levels/Hub/HubLevel.umap" 439
"D:/Epic Games/UnrealProjects/GrappleGame/GrappleDemo/Content/Blueprints/MenuBlueprints/MenuController.uasset" 440
"D:/Epic Games/UnrealProjects/GrappleGame/GrappleDemo/Content/Blueprints/MenuBlueprints/MenuMode.uasset" 441
"D:/Epic Games/UnrealProjects/GrappleGame/GrappleDemo/Content/Maps/Levels/MainMenu/MainMenu_BuiltData.uasset" 442
"../../../Engine/Content/Functions/Engine_MaterialFunctions02/SplitComponents.uasset" 443
"../../../Engine/Content/MapTemplates/TilingNoise05.uasset" 444
"../../../Engine/Content/EngineSky/M_SkyTimeOfDay.uasset" 445
"D:/Epic Games/UnrealProjects/GrappleGame/GrappleDemo/Content/Art/Materials/CloudColor.uasset" 446
"D:/Epic Games/UnrealProjects/GrappleGame/GrappleDemo/Content/Art/Meshes/BasicBuilding_Graybox.uasset" 447
"D:/Epic Games/UnrealProjects/GrappleGame/GrappleDemo/Content/Art/Meshes/ConstructionBuilding_Graybox_ConstructionBuilding.uasset" 448
"D:/Epic Games/UnrealProjects/GrappleGame/GrappleDemo/Content/Art/Meshes/ConstructionBuilding_Graybox_Support3.uasset" 449
"D:/Epic Games/UnrealProjects/GrappleGame/GrappleDemo/Content/Art/Meshes/ConstructionBuilding_Graybox_Support5.uasset" 450
"D:/Epic Games/UnrealProjects/GrappleGame/GrappleDemo/Content/Art/Meshes/OneSlopedBuilding_Graybox_OneSlopedBuilding.uasset" 451
"D:/Epic Games/UnrealProjects/GrappleGame/GrappleDemo/Content/Art/Meshes/OneSlopedBuilding_Graybox_OneSlopedRoof.uasset" 452
"D:/Epic Games/UnrealProjects/GrappleGame/GrappleDemo/Content/Art/Meshes/PointyBuilding_Graybox_Antenna.uasset" 453
"D:/Epic Games/UnrealProjects/GrappleGame/GrappleDemo/Content/Art/Meshes/RoundBuilding_Graybox_RoundBuilding1.uasset" 454
"D:/Epic Games/UnrealProjects/GrappleGame/GrappleDemo/Content/Art/Meshes/SkyBridgeBuilding_Graybox_SkyBridge.uasset" 455
"D:/Epic Games/UnrealProjects/GrappleGame/GrappleDemo/Content/Art/Meshes/SkyBridgeBuilding_Graybox_SkyBridgeBuilding1.uasset" 456
"D:/Epic Games/UnrealProjects/GrappleGame/GrappleDemo/Content/Art/Meshes/SkyBridgeBuilding_Graybox_SkyBridgeBuilding2.uasset" 457
"D:/Epic Games/UnrealProjects/GrappleGame/GrappleDemo/Content/Art/Meshes/SlopedPlatformBuilding_Graybox_SlopedPlatformBuilding.uasset" 458
"D:/Epic Games/UnrealProjects/GrappleGame/GrappleDemo/Content/Art/Meshes/SlopedPlatformBuilding_Graybox_SlopedPlatformRoof.uasset" 459
"D:/Epic Games/UnrealProjects/GrappleGame/GrappleDemo/Content/Art/Meshes/TieredBuilding_Graybox_TieredBuilding.uasset" 460
"D:/Epic Games/UnrealProjects/GrappleGame/GrappleDemo/Content/Art/Meshes/TieredBuilding_Graybox_TieredBuilding1.uasset" 461
"D:/Epic Games/UnrealProjects/GrappleGame/GrappleDemo/Content/Art/Meshes/TieredBuilding_Graybox_TieredBuilding2.uasset" 462
"D:/Epic Games/UnrealProjects/GrappleGame/GrappleDemo/Content/Art/UI/Cocogoose_Pro_Regular_Trial.uasset" 463
"D:/Epic Games/UnrealProjects/GrappleGame/GrappleDemo/Content/Art/UI/Cocogoose_Pro_Regular_Trial_Font.uasset" 464
"D:/Epic Games/UnrealProjects/GrappleGame/GrappleDemo/Content/Art/UI/ButtonArt.uasset" 465
"D:/Epic Games/UnrealProjects/GrappleGame/GrappleDemo/Content/Art/UI/TITLE.uasset" 466
"D:/Epic Games/UnrealProjects/GrappleGame/GrappleDemo/Content/Art/UI/TITLEwhite.uasset" 467
"D:/Epic Games/UnrealProjects/GrappleGame/GrappleDemo/Content/Blueprints/MenuBlueprints/CreditsMenuWidget.uasset" 468
"D:/Epic Games/UnrealProjects/GrappleGame/GrappleDemo/Content/Blueprints/MenuBlueprints/MainMenuWidget.uasset" 469
"D:/Epic Games/UnrealProjects/GrappleGame/GrappleDemo/Content/Maps/Levels/MainMenu/MainMenu.umap" 470
"D:/Epic Games/UnrealProjects/GrappleGame/GrappleDemo/Content/Maps/MovementTut/FirstPlayableDemo_BuiltData.uasset" 471
"D:/Epic Games/UnrealProjects/GrappleGame/GrappleDemo/Content/Art/Textures/LargeSlide_FirstRelease_fbm/LargeSlide_low_aiStandardSurface5SG_BaseColor.uasset" 472
"D:/Epic Games/UnrealProjects/GrappleGame/GrappleDemo/Content/Art/Textures/LargeSlide_FirstRelease_fbm/LargeSlide_low_aiStandardSurface5SG_Metallic.uasset" 473
"D:/Epic Games/UnrealProjects/GrappleGame/GrappleDemo/Content/Art/Textures/LargeSlide_FirstRelease_fbm/LargeSlide_low_aiStandardSurface5SG_Roughness.uasset" 474
"D:/Epic Games/UnrealProjects/GrappleGame/GrappleDemo/Content/Art/Materials/LargeSlideTexture3.uasset" 475
"D:/Epic Games/UnrealProjects/GrappleGame/GrappleDemo/Content/Art/LargeSlide_FirstRelease.uasset" 476
"D:/Epic Games/UnrealProjects/GrappleGame/GrappleDemo/Content/Art/Meshes/Door1_DoorHandle_low.uasset" 477
"D:/Epic Games/UnrealProjects/GrappleGame/GrappleDemo/Content/Art/Meshes/Door1_DoorHandleBase.uasset" 478
"D:/Epic Games/UnrealProjects/GrappleGame/GrappleDemo/Content/Art/Textures/TutorialLevel/DoorFrame_low_aiStandardSurface12SG_BaseColor.uasset" 479
"D:/Epic Games/UnrealProjects/GrappleGame/GrappleDemo/Content/Art/Textures/TutorialLevel/DoorFrame_low_aiStandardSurface12SG_Metallic.uasset" 480
"D:/Epic Games/UnrealProjects/GrappleGame/GrappleDemo/Content/Art/Textures/TutorialLevel/DoorFrame_low_aiStandardSurface12SG_Normal.uasset" 481
"D:/Epic Games/UnrealProjects/GrappleGame/GrappleDemo/Content/Art/Textures/TutorialLevel/DoorFrame_low_aiStandardSurface12SG_Roughness.uasset" 482
"D:/Epic Games/UnrealProjects/GrappleGame/GrappleDemo/Content/Art/Materials/DoorFrameTexture.uasset" 483
"D:/Epic Games/UnrealProjects/GrappleGame/GrappleDemo/Content/Art/Textures/TutorialLevel/Door_low_aiStandardSurface11SG_BaseColor.uasset" 484
"D:/Epic Games/UnrealProjects/GrappleGame/GrappleDemo/Content/Art/Textures/TutorialLevel/Door_low_aiStandardSurface11SG_Height.uasset" 485
"D:/Epic Games/UnrealProjects/GrappleGame/GrappleDemo/Content/Art/Textures/TutorialLevel/Door_low_aiStandardSurface11SG_Normal.uasset" 486
"D:/Epic Games/UnrealProjects/GrappleGame/GrappleDemo/Content/Art/Textures/TutorialLevel/Door_low_aiStandardSurface11SG_Opacity.uasset" 487
"D:/Epic Games/UnrealProjects/GrappleGame/GrappleDemo/Content/Art/Textures/TutorialLevel/Door_low_aiStandardSurface11SG_Roughness.uasset" 488
"D:/Epic Games/UnrealProjects/GrappleGame/GrappleDemo/Content/Art/Materials/DoorTexture.uasset" 489
"D:/Epic Games/UnrealProjects/GrappleGame/GrappleDemo/Content/Art/Textures/TutorialLevel/HighJumpPlatform_low_HighJumpPlatformTexture_BaseColor.uasset" 490
"D:/Epic Games/UnrealProjects/GrappleGame/GrappleDemo/Content/Art/Textures/TutorialLevel/HighJumpPlatform_low_HighJumpPlatformTexture_Metallic.uasset" 491
"D:/Epic Games/UnrealProjects/GrappleGame/GrappleDemo/Content/Art/Textures/TutorialLevel/HighJumpPlatform_low_HighJumpPlatformTexture_Normal.uasset" 492
"D:/Epic Games/UnrealProjects/GrappleGame/GrappleDemo/Content/Art/Textures/TutorialLevel/HighJumpPlatform_low_HighJumpPlatformTexture_Roughness.uasset" 493
"D:/Epic Games/UnrealProjects/GrappleGame/GrappleDemo/Content/Art/Materials/HighJumpPlatformTexture.uasset" 494
"D:/Epic Games/UnrealProjects/GrappleGame/GrappleDemo/Content/Art/Textures/TutorialLevel/LongPlatform_Green_BaseColor.uasset" 495
"D:/Epic Games/UnrealProjects/GrappleGame/GrappleDemo/Content/Art/Textures/TutorialLevel/LongPlatform_Green_Metallic.uasset" 496
"D:/Epic Games/UnrealProjects/GrappleGame/GrappleDemo/Content/Art/Textures/TutorialLevel/LongPlatform_Green_Normal.uasset" 497
"D:/Epic Games/UnrealProjects/GrappleGame/GrappleDemo/Content/Art/Textures/TutorialLevel/LongPlatform_Green_Roughness.uasset" 498
"D:/Epic Games/UnrealProjects/GrappleGame/GrappleDemo/Content/Art/Materials/LongPlatformTexture.uasset" 499
"D:/Epic Games/UnrealProjects/GrappleGame/GrappleDemo/Content/Art/Textures/TutorialLevel/Pit_initialShadingGroup_BaseColor.uasset" 500
"D:/Epic Games/UnrealProjects/GrappleGame/GrappleDemo/Content/Art/Textures/TutorialLevel/Pit_initialShadingGroup_Height.uasset" 501
"D:/Epic Games/UnrealProjects/GrappleGame/GrappleDemo/Content/Art/Textures/TutorialLevel/Pit_initialShadingGroup_Metallic.uasset" 502
"D:/Epic Games/UnrealProjects/GrappleGame/GrappleDemo/Content/Art/Textures/TutorialLevel/Pit_initialShadingGroup_Normal.uasset" 503
"D:/Epic Games/UnrealProjects/GrappleGame/GrappleDemo/Content/Art/Textures/TutorialLevel/Pit_initialShadingGroup_Roughness.uasset" 504
"D:/Epic Games/UnrealProjects/GrappleGame/GrappleDemo/Content/Art/Materials/PitTexture.uasset" 505
"D:/Epic Games/UnrealProjects/GrappleGame/GrappleDemo/Content/Art/Meshes/TutorialLevel_FirstRelease.uasset" 506
"D:/Epic Games/UnrealProjects/GrappleGame/GrappleDemo/Content/Art/Textures/SmallSlide_FirstRelease_fbm/HighJumpPlatform_low_HighJumpPlatformTexture_BaseColor.uasset" 507
"D:/Epic Games/UnrealProjects/GrappleGame/GrappleDemo/Content/Art/Textures/SmallSlide_FirstRelease_fbm/HighJumpPlatform_low_HighJumpPlatformTexture_Metallic.uasset" 508
"D:/Epic Games/UnrealProjects/GrappleGame/GrappleDemo/Content/Art/Textures/SmallSlide_FirstRelease_fbm/HighJumpPlatform_low_HighJumpPlatformTexture_Normal.uasset" 509
"D:/Epic Games/UnrealProjects/GrappleGame/GrappleDemo/Content/Art/Textures/SmallSlide_FirstRelease_fbm/HighJumpPlatform_low_HighJumpPlatformTexture_Roughness.uasset" 510
"D:/Epic Games/UnrealProjects/GrappleGame/GrappleDemo/Content/Art/Materials/SmallSlideTexture.uasset" 511
"D:/Epic Games/UnrealProjects/GrappleGame/GrappleDemo/Content/Art/SmallSlide_FirstRelease.uasset" 512
"D:/Epic Games/UnrealProjects/GrappleGame/GrappleDemo/Content/Maps/MovementTut/FirstPlayableDemo.umap" 513
"D:/Epic Games/UnrealProjects/GrappleGame/GrappleDemo/Content/Maps/MovementTut/MovementTut_BuiltData.uasset" 514
"D:/Epic Games/UnrealProjects/GrappleGame/GrappleDemo/Content/Art/Materials/LightBlue.uasset" 515
"../../../Engine/Content/BasicShapes/Cone.uasset" 516
"D:/Epic Games/UnrealProjects/GrappleGame/GrappleDemo/Content/PhysicsMaterials/Slippery.uasset" 517
"D:/Epic Games/UnrealProjects/GrappleGame/GrappleDemo/Content/Maps/MovementTut/MovementTut.umap" 518
"D:/Epic Games/UnrealProjects/GrappleGame/GrappleDemo/Content/Maps/MovementTut/Tutorial_BuiltData.uasset" 519
"D:/Epic Games/UnrealProjects/GrappleGame/GrappleDemo/Content/Maps/MovementTut/LevelMesh/SlideTutorial.uasset" 520
"D:/Epic Games/UnrealProjects/GrappleGame/GrappleDemo/Content/Maps/MovementTut/LevelMesh/TutorialMesh1.uasset" 521
"D:/Epic Games/UnrealProjects/GrappleGame/GrappleDemo/Content/Maps/MovementTut/LevelMesh/TutorialMesh2.uasset" 522
"D:/Epic Games/UnrealProjects/GrappleGame/GrappleDemo/Content/Maps/MovementTut/LevelMesh/TutorialWalls.uasset" 523
"D:/Epic Games/UnrealProjects/GrappleGame/GrappleDemo/Content/Maps/MovementTut/Tutorial.umap" 524
"D:/Epic Games/UnrealProjects/GrappleGame/GrappleDemo/Content/Maps/Test/BrendanTest/BrendanTest_BuiltData.uasset" 525
"D:/Epic Games/UnrealProjects/GrappleGame/GrappleDemo/Content/Art/Materials/Walls.uasset" 526
"D:/Epic Games/UnrealProjects/GrappleGame/GrappleDemo/Content/Maps/Test/BrendanTest/brendantest.umap" 527
"D:/Epic Games/UnrealProjects/GrappleGame/GrappleDemo/Content/Blueprints/Reactors/TrackPullableReactor.uasset" 528
"D:/Epic Games/UnrealProjects/GrappleGame/GrappleDemo/Content/Blueprints/TrackTemplates/PingPongGrappleTrack.uasset" 529
"D:/Epic Games/UnrealProjects/GrappleGame/GrappleDemo/Content/Maps/Test/JethroTest/JethroTest_BuiltData.uasset" 530
"../../../Engine/Content/MapTemplates/Materials/BasicTemplateMaterial.uasset" 531
"D:/Epic Games/UnrealProjects/GrappleGame/GrappleDemo/Content/Art/Materials/GrappleWire/Transparent.uasset" 532
"D:/Epic Games/UnrealProjects/GrappleGame/GrappleDemo/Content/Maps/Test/JethroTest/JethroTest.umap" 533
"D:/Epic Games/UnrealProjects/GrappleGame/GrappleDemo/Content/Maps/Test/MechanicsIntegration/MechanicsIntegrationTest_BuiltData.uasset" 534
"D:/Epic Games/UnrealProjects/GrappleGame/GrappleDemo/Content/Maps/Test/MechanicsIntegration/MechanicsIntegrationTest.umap" 535
"D:/Epic Games/UnrealProjects/GrappleGame/GrappleDemo/Content/Maps/Test/MetricsLevel/Metrics_Level_BuiltData.uasset" 536
"D:/Epic Games/UnrealProjects/GrappleGame/GrappleDemo/Content/Maps/Test/MetricsLevel/Max_Grapple_Height_SM.uasset" 537
"D:/Epic Games/UnrealProjects/GrappleGame/GrappleDemo/Content/Maps/Test/MetricsLevel/Metrics_SM.uasset" 538
"D:/Epic Games/UnrealProjects/GrappleGame/GrappleDemo/Content/Maps/Test/MetricsLevel/Platform_SM.uasset" 539
"D:/Epic Games/UnrealProjects/GrappleGame/GrappleDemo/Content/PhysicsMaterials/NoFriction.uasset" 540
"D:/Epic Games/UnrealProjects/GrappleGame/GrappleDemo/Content/Maps/Test/MetricsLevel/Metrics_Level.umap" 541
"D:/Epic Games/UnrealProjects/GrappleGame/GrappleDemo/Content/Maps/Test/SamTest/SamTestScene_BuiltData.uasset" 542
"D:/Epic Games/UnrealProjects/GrappleGame/GrappleDemo/Content/Maps/Test/SamTest/SamTestScene.umap" 543
"../../../Engine/Content/Maps/Entry_BuiltData.uasset" 544
"../../../Engine/Content/Maps/Entry.umap" 545
